<?xml version="1.0" encoding="UTF-8"?>
<TestRun id="94645aa4-4771-4ca5-90d9-92773e90c695" name="Administrator@DESIKAN 2012-07-04 16:59:28" runUser="DESIKAN\Administrator" xmlns="http://microsoft.com/schemas/VisualStudio/TeamTest/2010">
  <TestSettings name="Local" id="dec9f07d-adcd-413e-95d2-bbaab9548edf">
    <Description>These are default test settings for a local test run.</Description>
    <Deployment enabled="false" runDeploymentRoot="Administrator_DESIKAN 2012-07-04 16_59_28">
      <DeploymentItem filename="C:\Documents and Settings\Administrator\my documents\visual studio 2010\Projects\Logistic Regression\Logistic Regression\bin\Debug\Logistic Regression.dll" />
    </Deployment>
    <Execution>
      <TestTypeSpecific />
      <AgentRule name="Execution Agents">
      </AgentRule>
    </Execution>
  </TestSettings>
  <Times creation="2012-07-04T16:59:28.0468750+05:30" queuing="2012-07-04T16:59:28.6406250+05:30" start="2012-07-04T16:59:28.6875000+05:30" finish="2012-07-04T16:59:29.2656250+05:30" />
  <ResultSummary outcome="Completed">
    <Counters total="1" executed="1" passed="1" error="0" failed="0" timeout="0" aborted="0" inconclusive="0" passedButRunAborted="0" notRunnable="0" notExecuted="0" disconnected="0" warning="0" completed="0" inProgress="0" pending="0" />
  </ResultSummary>
  <TestDefinitions>
    <UnitTest name="TestLearn" storage="c:\documents and settings\administrator\my documents\visual studio 2010\projects\logistic regression\logisticregressiontest\bin\debug\logisticregressiontest.dll" id="dd7a92ba-c337-14dd-e2ab-a3de09814f6f">
      <Execution id="9a67080f-4ef1-4f42-a450-bf15ae5d72cf" />
      <TestMethod codeBase="C:/Documents and Settings/Administrator/my documents/visual studio 2010/Projects/Logistic Regression/LogisticRegressionTest/bin/Debug/LogisticRegressionTest.DLL" adapterTypeName="Microsoft.VisualStudio.TestTools.TestTypes.Unit.UnitTestAdapter, Microsoft.VisualStudio.QualityTools.Tips.UnitTest.Adapter, Version=10.0.0.0, Culture=neutral, PublicKeyToken=b03f5f7f11d50a3a" className="LogisticRegressionTest.LogisticRegressionTest, LogisticRegressionTest, Version=1.0.0.0, Culture=neutral, PublicKeyToken=null" name="TestLearn" />
    </UnitTest>
  </TestDefinitions>
  <TestLists>
    <TestList name="Results Not in a List" id="8c84fa94-04c1-424b-9868-57a2d4851a1d" />
    <TestList name="All Loaded Results" id="19431567-8539-422a-85d7-44ee4e166bda" />
  </TestLists>
  <TestEntries>
    <TestEntry testId="dd7a92ba-c337-14dd-e2ab-a3de09814f6f" executionId="9a67080f-4ef1-4f42-a450-bf15ae5d72cf" testListId="8c84fa94-04c1-424b-9868-57a2d4851a1d" />
  </TestEntries>
  <Results>
    <UnitTestResult executionId="9a67080f-4ef1-4f42-a450-bf15ae5d72cf" testId="dd7a92ba-c337-14dd-e2ab-a3de09814f6f" testName="TestLearn" computerName="DESIKAN" duration="00:00:00.0185663" startTime="2012-07-04T16:59:28.7187500+05:30" endTime="2012-07-04T16:59:29.1875000+05:30" testType="13cdc9d9-ddb5-4fa4-a97d-d965ccfc6d4b" outcome="Passed" testListId="8c84fa94-04c1-424b-9868-57a2d4851a1d" relativeResultsDirectory="9a67080f-4ef1-4f42-a450-bf15ae5d72cf">
      <Output>
        <StdOut>cost: Infinity
0.09 
0.24</StdOut>
      </Output>
    </UnitTestResult>
  </Results>
</TestRun>