<?xml version="1.0" encoding="UTF-8"?>
<TestRun id="da080497-03ba-442e-9418-3094b0bd5387" name="Administrator@DESIKAN 2012-07-04 21:29:40" runUser="DESIKAN\Administrator" xmlns="http://microsoft.com/schemas/VisualStudio/TeamTest/2010">
  <TestSettings name="Local" id="dec9f07d-adcd-413e-95d2-bbaab9548edf">
    <Description>These are default test settings for a local test run.</Description>
    <Deployment enabled="false" runDeploymentRoot="Administrator_DESIKAN 2012-07-04 21_29_40">
      <DeploymentItem filename="C:\Documents and Settings\Administrator\my documents\visual studio 2010\Projects\Logistic Regression\Logistic Regression\bin\Debug\Logistic Regression.dll" />
    </Deployment>
    <Execution>
      <TestTypeSpecific />
      <AgentRule name="Execution Agents">
      </AgentRule>
    </Execution>
  </TestSettings>
  <Times creation="2012-07-04T21:29:40.1875000+05:30" queuing="2012-07-04T21:29:41.5000000+05:30" start="2012-07-04T21:29:41.5312500+05:30" finish="2012-07-04T21:29:41.7968750+05:30" />
  <ResultSummary outcome="Completed">
    <Counters total="1" executed="1" passed="1" error="0" failed="0" timeout="0" aborted="0" inconclusive="0" passedButRunAborted="0" notRunnable="0" notExecuted="0" disconnected="0" warning="0" completed="0" inProgress="0" pending="0" />
  </ResultSummary>
  <TestDefinitions>
    <UnitTest name="TestPrependingOnes" storage="c:\documents and settings\administrator\my documents\visual studio 2010\projects\logistic regression\logisticregressiontest\bin\debug\logisticregressiontest.dll" id="3fb418ca-b643-caba-fcc3-b1e763b47df3">
      <Execution id="f7868346-e20b-4a19-ad15-9fee5a559a05" />
      <TestMethod codeBase="C:/Documents and Settings/Administrator/my documents/visual studio 2010/Projects/Logistic Regression/LogisticRegressionTest/bin/Debug/LogisticRegressionTest.DLL" adapterTypeName="Microsoft.VisualStudio.TestTools.TestTypes.Unit.UnitTestAdapter, Microsoft.VisualStudio.QualityTools.Tips.UnitTest.Adapter, Version=10.0.0.0, Culture=neutral, PublicKeyToken=b03f5f7f11d50a3a" className="LogisticRegressionTest.LogisticRegressionTest, LogisticRegressionTest, Version=1.0.0.0, Culture=neutral, PublicKeyToken=null" name="TestPrependingOnes" />
    </UnitTest>
  </TestDefinitions>
  <TestLists>
    <TestList name="Results Not in a List" id="8c84fa94-04c1-424b-9868-57a2d4851a1d" />
    <TestList name="All Loaded Results" id="19431567-8539-422a-85d7-44ee4e166bda" />
  </TestLists>
  <TestEntries>
    <TestEntry testId="3fb418ca-b643-caba-fcc3-b1e763b47df3" executionId="f7868346-e20b-4a19-ad15-9fee5a559a05" testListId="8c84fa94-04c1-424b-9868-57a2d4851a1d" />
  </TestEntries>
  <Results>
    <UnitTestResult executionId="f7868346-e20b-4a19-ad15-9fee5a559a05" testId="3fb418ca-b643-caba-fcc3-b1e763b47df3" testName="TestPrependingOnes" computerName="DESIKAN" duration="00:00:00.0126096" startTime="2012-07-04T21:29:41.5312500+05:30" endTime="2012-07-04T21:29:41.7812500+05:30" testType="13cdc9d9-ddb5-4fa4-a97d-d965ccfc6d4b" outcome="Passed" testListId="8c84fa94-04c1-424b-9868-57a2d4851a1d" relativeResultsDirectory="f7868346-e20b-4a19-ad15-9fee5a559a05">
    </UnitTestResult>
  </Results>
</TestRun>