<?xml version="1.0" encoding="UTF-8"?>
<TestRun id="2572cd0e-41fb-4276-8d84-31e4d50f336a" name="Administrator@DESIKAN 2012-07-04 19:19:50" runUser="DESIKAN\Administrator" xmlns="http://microsoft.com/schemas/VisualStudio/TeamTest/2010">
  <TestSettings name="Local" id="dec9f07d-adcd-413e-95d2-bbaab9548edf">
    <Description>These are default test settings for a local test run.</Description>
    <Deployment enabled="false" runDeploymentRoot="Administrator_DESIKAN 2012-07-04 19_19_50">
      <DeploymentItem filename="C:\Documents and Settings\Administrator\my documents\visual studio 2010\Projects\Logistic Regression\Logistic Regression\bin\Debug\Logistic Regression.dll" />
    </Deployment>
    <Execution>
      <TestTypeSpecific />
      <AgentRule name="Execution Agents">
      </AgentRule>
    </Execution>
  </TestSettings>
  <Times creation="2012-07-04T19:19:50.5937500+05:30" queuing="2012-07-04T19:19:53.1718750+05:30" start="2012-07-04T19:19:53.2343750+05:30" finish="2012-07-04T19:19:53.7968750+05:30" />
  <ResultSummary outcome="Completed">
    <Counters total="1" executed="1" passed="1" error="0" failed="0" timeout="0" aborted="0" inconclusive="0" passedButRunAborted="0" notRunnable="0" notExecuted="0" disconnected="0" warning="0" completed="0" inProgress="0" pending="0" />
  </ResultSummary>
  <TestDefinitions>
    <UnitTest name="TestLearn" storage="c:\documents and settings\administrator\my documents\visual studio 2010\projects\logistic regression\logisticregressiontest\bin\debug\logisticregressiontest.dll" id="dd7a92ba-c337-14dd-e2ab-a3de09814f6f">
      <Execution id="f9531f39-fde9-49c6-a077-c133744c1763" />
      <TestMethod codeBase="C:/Documents and Settings/Administrator/my documents/visual studio 2010/Projects/Logistic Regression/LogisticRegressionTest/bin/Debug/LogisticRegressionTest.DLL" adapterTypeName="Microsoft.VisualStudio.TestTools.TestTypes.Unit.UnitTestAdapter, Microsoft.VisualStudio.QualityTools.Tips.UnitTest.Adapter, Version=10.0.0.0, Culture=neutral, PublicKeyToken=b03f5f7f11d50a3a" className="LogisticRegressionTest.LogisticRegressionTest, LogisticRegressionTest, Version=1.0.0.0, Culture=neutral, PublicKeyToken=null" name="TestLearn" />
    </UnitTest>
  </TestDefinitions>
  <TestLists>
    <TestList name="Results Not in a List" id="8c84fa94-04c1-424b-9868-57a2d4851a1d" />
    <TestList name="All Loaded Results" id="19431567-8539-422a-85d7-44ee4e166bda" />
  </TestLists>
  <TestEntries>
    <TestEntry testId="dd7a92ba-c337-14dd-e2ab-a3de09814f6f" executionId="f9531f39-fde9-49c6-a077-c133744c1763" testListId="8c84fa94-04c1-424b-9868-57a2d4851a1d" />
  </TestEntries>
  <Results>
    <UnitTestResult executionId="f9531f39-fde9-49c6-a077-c133744c1763" testId="dd7a92ba-c337-14dd-e2ab-a3de09814f6f" testName="TestLearn" computerName="DESIKAN" duration="00:00:00.0181179" startTime="2012-07-04T19:19:53.2656250+05:30" endTime="2012-07-04T19:19:53.7187500+05:30" testType="13cdc9d9-ddb5-4fa4-a97d-d965ccfc6d4b" outcome="Passed" testListId="8c84fa94-04c1-424b-9868-57a2d4851a1d" relativeResultsDirectory="f9531f39-fde9-49c6-a077-c133744c1763">
      <Output>
        <StdOut>cost: 1.51898207827961
cost Difference : 1.51898207827961
cost: 1.33227831198312
cost Difference : -0.18670376629649
output:
0.952574126822433 
0.982013790037908 
0.993307149075715 
0.994782101894461</StdOut>
      </Output>
    </UnitTestResult>
  </Results>
</TestRun>