<?xml version="1.0" encoding="UTF-8"?>
<TestRun id="5bc4691a-106e-4888-9a14-0906959d6a8e" name="Administrator@DESIKAN 2012-07-04 19:13:47" runUser="DESIKAN\Administrator" xmlns="http://microsoft.com/schemas/VisualStudio/TeamTest/2010">
  <TestSettings name="Local" id="dec9f07d-adcd-413e-95d2-bbaab9548edf">
    <Description>These are default test settings for a local test run.</Description>
    <Deployment enabled="false" runDeploymentRoot="Administrator_DESIKAN 2012-07-04 19_13_47">
      <DeploymentItem filename="C:\Documents and Settings\Administrator\my documents\visual studio 2010\Projects\Logistic Regression\Logistic Regression\bin\Debug\Logistic Regression.dll" />
    </Deployment>
    <Execution>
      <TestTypeSpecific />
      <AgentRule name="Execution Agents">
      </AgentRule>
    </Execution>
  </TestSettings>
  <Times creation="2012-07-04T19:13:47.5468750+05:30" queuing="2012-07-04T19:13:48.0937500+05:30" start="2012-07-04T19:13:48.1718750+05:30" finish="2012-07-04T19:13:48.7343750+05:30" />
  <ResultSummary outcome="Completed">
    <Counters total="1" executed="1" passed="1" error="0" failed="0" timeout="0" aborted="0" inconclusive="0" passedButRunAborted="0" notRunnable="0" notExecuted="0" disconnected="0" warning="0" completed="0" inProgress="0" pending="0" />
  </ResultSummary>
  <TestDefinitions>
    <UnitTest name="TestLearn" storage="c:\documents and settings\administrator\my documents\visual studio 2010\projects\logistic regression\logisticregressiontest\bin\debug\logisticregressiontest.dll" id="dd7a92ba-c337-14dd-e2ab-a3de09814f6f">
      <Execution id="cb790cf7-c4c9-4f80-9532-e8f009056767" />
      <TestMethod codeBase="C:/Documents and Settings/Administrator/my documents/visual studio 2010/Projects/Logistic Regression/LogisticRegressionTest/bin/Debug/LogisticRegressionTest.DLL" adapterTypeName="Microsoft.VisualStudio.TestTools.TestTypes.Unit.UnitTestAdapter, Microsoft.VisualStudio.QualityTools.Tips.UnitTest.Adapter, Version=10.0.0.0, Culture=neutral, PublicKeyToken=b03f5f7f11d50a3a" className="LogisticRegressionTest.LogisticRegressionTest, LogisticRegressionTest, Version=1.0.0.0, Culture=neutral, PublicKeyToken=null" name="TestLearn" />
    </UnitTest>
  </TestDefinitions>
  <TestLists>
    <TestList name="Results Not in a List" id="8c84fa94-04c1-424b-9868-57a2d4851a1d" />
    <TestList name="All Loaded Results" id="19431567-8539-422a-85d7-44ee4e166bda" />
  </TestLists>
  <TestEntries>
    <TestEntry testId="dd7a92ba-c337-14dd-e2ab-a3de09814f6f" executionId="cb790cf7-c4c9-4f80-9532-e8f009056767" testListId="8c84fa94-04c1-424b-9868-57a2d4851a1d" />
  </TestEntries>
  <Results>
    <UnitTestResult executionId="cb790cf7-c4c9-4f80-9532-e8f009056767" testId="dd7a92ba-c337-14dd-e2ab-a3de09814f6f" testName="TestLearn" computerName="DESIKAN" duration="00:00:00.0189118" startTime="2012-07-04T19:13:48.2031250+05:30" endTime="2012-07-04T19:13:48.6875000+05:30" testType="13cdc9d9-ddb5-4fa4-a97d-d965ccfc6d4b" outcome="Passed" testListId="8c84fa94-04c1-424b-9868-57a2d4851a1d" relativeResultsDirectory="cb790cf7-c4c9-4f80-9532-e8f009056767">
      <Output>
        <StdOut>cost: -1.96663136025422
1.03196236249419 
1.09446431128724 
cost: -2.12674731254724
1.06378070721875 
1.1884965692656 
cost: -2.28548426206148
1.09549350858234 
1.28221219716103 
cost: -2.44321436929547
1.12712894773461 
1.37569573842251 
cost: -2.6002084880436
1.15870767224868 
1.46900913576942 
cost: -2.75666413244726
1.19024481379053 
1.56219778419962 
cost: -2.91272555088328
1.22175146391108 
1.65529495836595 
cost: -3.0684982089094
1.25323575404248 
1.74832505256484 
cost: -3.22405928092778
1.28470364622878 
1.8413059529284 
cost: -3.37946527431569
1.31615951230594 
1.93425077496455 
cost: -3.53475758295668
1.34760655827031 
2.02716913666234 
cost: -3.68996653976695
1.37904713529688 
2.12006809154673 
cost: -3.84511437786688
1.41048296772918 
2.21295281264828 
cost: -4.00021739645957
1.44191532023119 
2.30582709395898 
cost: -4.15528754617691
1.47334512034956 
2.39869371811877 
cost: -4.3103335901319
1.50477304838855 
2.49155472604041 
cost: -4.4653619545742
1.53619960331952 
2.584411614638 
cost: -4.62037735231334
1.56762515111776 
2.6772654818374 
cost: -4.77538323971537
1.59904996021299 
2.77011713292777 
cost: -4.93038215173831
1.63047422748967 
2.86296715856248 
cost: -5.08537594760958
1.66189809735663 
2.95581599196802 
cost: -5.24036599097074
1.69332167573364 
3.04866395090374 
cost: -5.39535328199041
1.72474504031003 
3.14151126843757 
cost: -5.55033855424379
1.75616824806888 
3.23435811551878 
cost: -5.70532234580041
1.78759134080584 
3.32720461753436 
cost: -5.86030505131097
1.81901434917701 
3.42005086645252 
cost: -6.01528696020504
1.85043729566786 
3.51289692972975 
cost: -6.17026828483617
1.88186019677097 
3.60574285684374 
cost: -6.32524918091419
1.91328306458323 
3.6985886840852 
cost: -6.48022976262998
1.94470590797743 
3.79143443807249 
cost: -6.6352101137852
1.97612873346157 
3.88428013832958 
cost: -6.79019029588364
2.00755154580909 
3.97712579917681 
cost: -6.94517035387753
2.03897434852121 
4.06997143111783 
cost: -7.10015032100704
2.07039714416598 
4.16281704185683 
cost: -7.25513022135691
2.10181993462702 
4.25566263704463 
cost: -7.41011007279724
2.13324272128592 
4.34850822082599 
cost: -7.56508988792021
2.16466550515603 
4.441353796241 
cost: -7.72006967701583
2.19608828698064 
4.53419936551949 
cost: -7.87504944698361
2.22751106730491 
4.62704493029697 
cost: -8.03002920272747
2.25893384652872 
4.71989049177307 
cost: -8.18500894724065
2.29035662494537 
4.81273605082769 
cost: -8.33998868661166
2.32177940276998 
4.90558160810621 
cost: -8.49496841856501
2.35320218016035 
4.998427164082 
cost: -8.64994814780518
2.38462495723222 
5.09127271910227 
cost: -8.80492786799328
2.41604773407046 
5.18411827342168 
cost: -8.95990759165203
2.44747051073736 
5.27696382722703 
cost: -9.11488731237192
2.47889328727857 
5.36980938065534 
cost: -9.26986703961511
2.51031606372759 
5.46265493380708 
cost: -9.42484674214436
2.541738840109 
5.55550048675598 
cost: -9.5798264579245
2.57316161644081 
5.64834603955609 
cost: -9.73480619887664
2.60458439273625 
5.74119159224708 
cost: -9.88978591929022
2.63600716900501 
5.83403714485801 
cost: -10.0447656269629
2.66742994525419 
5.92688269741024 
cost: -10.1997453119762
2.69885272148902 
6.0197282499194 
cost: -10.354725104875
2.73027549771332 
6.11257380239698 
cost: -10.5097047454087
2.7616982739299 
6.20541935485139 
cost: -10.664684539857
2.79312105014082 
6.29826490728881 
cost: -10.8196640762638
2.82454382634758 
6.39111045971377 
cost: -10.974643882462
2.85596660255129 
6.48395601212958 
cost: -11.1296235825623
2.88738937875277 
6.57680156453869 
cost: -11.2846033936237
2.91881215495261 
6.66964711694287 
cost: -11.4395827495731
2.95023493115124 
6.76249266934346 
cost: -11.5945622284365
2.981657707349 
6.85533822174139 
cost: -11.7495425247109
3.01308048354611 
6.94818377413739 
cost: -11.9045215248659
3.04450325974274 
7.04102932653196 
cost: -12.0595027699743
3.07592603593902 
7.13387487892549 
cost: -12.2144800300278
3.10734881213505 
7.22672043131825 
cost: -12.369459234926
3.13877158833089 
7.31956598371045 
cost: -12.524442101653
3.1701943645266 
7.41241153610224 
cost: -12.6794250396724
3.2016171407222 
7.50525708849372 
cost: -12.8343987495602
3.23303991691773 
7.59810264088499 
cost: -12.989370495867
3.26446269311321 
7.69094819327609 
cost: -13.1443748775221
3.29588546930865 
7.78379374566707 
cost: -13.2993305612445
3.32730824550405 
7.87663929805796 
cost: -13.4542948263928
3.35873102169944 
7.96948485044879 
cost: -13.6092951240971
3.39015379789481 
8.06233040283958 
cost: -13.7642673804636
3.42157657409017 
8.15517595523033 
cost: -13.9192779057309
3.45299935028552 
8.24802150762105 
cost: -14.0742380311255
3.48442212648086 
8.34086706001175 
cost: -14.229351049569
3.5158449026762 
8.43371261240245 
cost: -14.3840650095248
3.54726767887154 
8.52655816479313 
cost: -14.5391755085947
3.57869045506687 
8.6194037171838 
cost: -14.6942079256724
3.6101132312622 
8.71224926957447 
cost: -14.8489783588046
3.64153600745754 
8.80509482196514 
cost: -15.0043070161294
3.67295878365287 
8.8979403743558 
cost: -15.1591561176375
3.70438155984819 
8.99078592674646 
cost: -15.3145450112607
3.73580433604352 
9.08363147913712 
cost: -15.4694101160975
3.76722711223885 
9.17647703152777 
cost: -15.6250669545901
3.79864988843418 
9.26932258391843 
cost: -15.7762073905265
3.83007266462951 
9.36216813630909 
cost: -15.9339658262491
3.86149544082483 
9.45501368869974 
cost: -16.0942017738865
3.89291821702016 
9.54785924109039 
cost: -16.2492792380385
3.92434099321549 
9.64070479348105 
cost: -16.4085061035977
3.95576376941082 
9.7335503458717 
cost: -16.5523471398236
3.98718654560614 
9.82639589826236 
cost: -16.7150583400409
4.01860932180147 
9.91924145065301 
cost: -16.8462404722747
4.0500320979968 
10.0120870030437 
cost: -17.0245779442441
4.08145487419212 
10.1049325554343 
cost: -17.1928140625547
4.11287765038745 
10.197778107825 
cost: -17.3043858382118
4.14430042658278 
10.2906236602156 
cost: -17.4482268744377
4.1757232027781 
10.3834692126063 
cost: -17.6509594284917
4.20714597897343 
10.4763147649969 
cost: -17.6509594284917
4.23856875516876 
10.5691603173876 
0.952574126822433 
1</StdOut>
      </Output>
    </UnitTestResult>
  </Results>
</TestRun>